<?xml version="1.0" encoding="UTF-8"?>
<testsuite xmlns:xsi="http://www.w3.org/2001/XMLSchema-instance" xsi:noNamespaceSchemaLocation="https://maven.apache.org/surefire/maven-surefire-plugin/xsd/surefire-test-report.xsd" name="br.com.fernando.automationframework.tests.SoTest" time="0.558" tests="1" errors="0" skipped="0" failures="0">
  <properties>
    <property name="sun.desktop" value="windows"/>
    <property name="awt.toolkit" value="sun.awt.windows.WToolkit"/>
    <property name="file.encoding.pkg" value="sun.io"/>
    <property name="java.specification.version" value="1.8"/>
    <property name="sun.cpu.isalist" value="amd64"/>
    <property name="sun.jnu.encoding" value="Cp1252"/>
    <property name="java.class.path" value="C:\Workspace\EclipseProjects\AutomationFrameworkMark2\target\test-classes;C:\Workspace\EclipseProjects\AutomationFrameworkMark2\target\classes;C:\Users\mt12184\.m2\repository\junit\junit\4.12\junit-4.12.jar;C:\Users\mt12184\.m2\repository\org\hamcrest\hamcrest-core\1.3\hamcrest-core-1.3.jar;C:\Users\mt12184\.m2\repository\com\aventstack\extentreports\3.1.5\extentreports-3.1.5.jar;C:\Users\mt12184\.m2\repository\org\freemarker\freemarker\2.3.23\freemarker-2.3.23.jar;C:\Users\mt12184\.m2\repository\org\mongodb\mongodb-driver\3.3.0\mongodb-driver-3.3.0.jar;C:\Users\mt12184\.m2\repository\org\mongodb\bson\3.3.0\bson-3.3.0.jar;C:\Users\mt12184\.m2\repository\org\mongodb\mongodb-driver-core\3.3.0\mongodb-driver-core-3.3.0.jar;C:\Users\mt12184\.m2\repository\org\apache\httpcomponents\httpclient\4.5.2\httpclient-4.5.2.jar;C:\Users\mt12184\.m2\repository\org\apache\httpcomponents\httpmime\4.5.2\httpmime-4.5.2.jar;C:\Users\mt12184\.m2\repository\org\jsoup\jsoup\1.9.2\jsoup-1.9.2.jar;C:\Users\mt12184\.m2\repository\com\google\code\gson\gson\2.8.0\gson-2.8.0.jar;C:\Users\mt12184\.m2\repository\log4j\log4j\1.2.17\log4j-1.2.17.jar;C:\Users\mt12184\.m2\repository\org\seleniumhq\selenium\selenium-java\3.11.0\selenium-java-3.11.0.jar;C:\Users\mt12184\.m2\repository\org\seleniumhq\selenium\selenium-api\3.11.0\selenium-api-3.11.0.jar;C:\Users\mt12184\.m2\repository\org\seleniumhq\selenium\selenium-chrome-driver\3.11.0\selenium-chrome-driver-3.11.0.jar;C:\Users\mt12184\.m2\repository\org\seleniumhq\selenium\selenium-edge-driver\3.11.0\selenium-edge-driver-3.11.0.jar;C:\Users\mt12184\.m2\repository\org\seleniumhq\selenium\selenium-firefox-driver\3.11.0\selenium-firefox-driver-3.11.0.jar;C:\Users\mt12184\.m2\repository\org\seleniumhq\selenium\selenium-ie-driver\3.11.0\selenium-ie-driver-3.11.0.jar;C:\Users\mt12184\.m2\repository\org\seleniumhq\selenium\selenium-opera-driver\3.11.0\selenium-opera-driver-3.11.0.jar;C:\Users\mt12184\.m2\repository\org\seleniumhq\selenium\selenium-remote-driver\3.11.0\selenium-remote-driver-3.11.0.jar;C:\Users\mt12184\.m2\repository\org\seleniumhq\selenium\selenium-safari-driver\3.11.0\selenium-safari-driver-3.11.0.jar;C:\Users\mt12184\.m2\repository\org\seleniumhq\selenium\selenium-support\3.11.0\selenium-support-3.11.0.jar;C:\Users\mt12184\.m2\repository\net\bytebuddy\byte-buddy\1.7.9\byte-buddy-1.7.9.jar;C:\Users\mt12184\.m2\repository\org\apache\commons\commons-exec\1.3\commons-exec-1.3.jar;C:\Users\mt12184\.m2\repository\commons-codec\commons-codec\1.10\commons-codec-1.10.jar;C:\Users\mt12184\.m2\repository\commons-logging\commons-logging\1.2\commons-logging-1.2.jar;C:\Users\mt12184\.m2\repository\com\google\guava\guava\23.6-jre\guava-23.6-jre.jar;C:\Users\mt12184\.m2\repository\org\checkerframework\checker-compat-qual\2.0.0\checker-compat-qual-2.0.0.jar;C:\Users\mt12184\.m2\repository\com\google\errorprone\error_prone_annotations\2.1.3\error_prone_annotations-2.1.3.jar;C:\Users\mt12184\.m2\repository\com\google\j2objc\j2objc-annotations\1.1\j2objc-annotations-1.1.jar;C:\Users\mt12184\.m2\repository\org\codehaus\mojo\animal-sniffer-annotations\1.14\animal-sniffer-annotations-1.14.jar;C:\Users\mt12184\.m2\repository\org\apache\httpcomponents\httpcore\4.4.6\httpcore-4.4.6.jar;C:\Users\mt12184\.m2\repository\com\squareup\okhttp3\okhttp\3.9.1\okhttp-3.9.1.jar;C:\Users\mt12184\.m2\repository\com\squareup\okio\okio\1.13.0\okio-1.13.0.jar;C:\Users\mt12184\.m2\repository\commons-io\commons-io\2.6\commons-io-2.6.jar;C:\Users\mt12184\.m2\repository\org\apache\maven\shared\maven-shared-utils\0.1\maven-shared-utils-0.1.jar;C:\Users\mt12184\.m2\repository\com\google\code\findbugs\jsr305\2.0.1\jsr305-2.0.1.jar;C:\Users\mt12184\.m2\repository\org\easetech\easytest-core\1.4.0\easytest-core-1.4.0.jar;C:\Users\mt12184\.m2\repository\org\slf4j\slf4j-api\1.6.1\slf4j-api-1.6.1.jar;C:\Users\mt12184\.m2\repository\org\slf4j\slf4j-log4j12\1.6.1\slf4j-log4j12-1.6.1.jar;C:\Users\mt12184\.m2\repository\org\slf4j\jcl-over-slf4j\1.6.1\jcl-over-slf4j-1.6.1.jar;C:\Users\mt12184\.m2\repository\net\sourceforge\javacsv\javacsv\2.0\javacsv-2.0.jar;C:\Users\mt12184\.m2\repository\javax\xml\jsr173\1.0\jsr173-1.0.jar;C:\Users\mt12184\.m2\repository\com\sun\xml\bind\jaxb-xjc\2.2.6\jaxb-xjc-2.2.6.jar;C:\Users\mt12184\.m2\repository\javaee\javaee-api\5\javaee-api-5.jar;C:\Users\mt12184\.m2\repository\org\apache\poi\poi\3.8\poi-3.8.jar;C:\Users\mt12184\.m2\repository\org\apache\poi\poi-examples\3.8\poi-examples-3.8.jar;C:\Users\mt12184\.m2\repository\org\apache\poi\poi-scratchpad\3.8\poi-scratchpad-3.8.jar;C:\Users\mt12184\.m2\repository\org\jvnet\jaxb2_commons\jaxb2-basics-runtime\0.6.2\jaxb2-basics-runtime-0.6.2.jar;C:\Users\mt12184\.m2\repository\cglib\cglib\2.2.2\cglib-2.2.2.jar;C:\Users\mt12184\.m2\repository\asm\asm\3.3.1\asm-3.3.1.jar;C:\Users\mt12184\.m2\repository\commons-lang\commons-lang\2.6\commons-lang-2.6.jar;C:\Users\mt12184\.m2\repository\jfree\jfreechart\1.0.13\jfreechart-1.0.13.jar;C:\Users\mt12184\.m2\repository\jfree\jcommon\1.0.16\jcommon-1.0.16.jar;C:\Users\mt12184\.m2\repository\net\sf\jasperreports\jasperreports-fonts\4.0.0\jasperreports-fonts-4.0.0.jar;C:\Users\mt12184\.m2\repository\com\sun\xml\bind\jaxb-impl\2.2.6\jaxb-impl-2.2.6.jar;C:\Users\mt12184\.m2\repository\javax\inject\javax.inject\1\javax.inject-1.jar;C:\Users\mt12184\.m2\repository\org\codehaus\jackson\jackson-mapper-lgpl\1.9.11\jackson-mapper-lgpl-1.9.11.jar;C:\Users\mt12184\.m2\repository\org\codehaus\jackson\jackson-core-lgpl\1.9.11\jackson-core-lgpl-1.9.11.jar;C:\Users\mt12184\.m2\repository\net\sf\jasperreports\jasperreports\4.5.1\jasperreports-4.5.1.jar;C:\Users\mt12184\.m2\repository\commons-beanutils\commons-beanutils\1.8.0\commons-beanutils-1.8.0.jar;C:\Users\mt12184\.m2\repository\commons-collections\commons-collections\2.1\commons-collections-2.1.jar;C:\Users\mt12184\.m2\repository\commons-digester\commons-digester\2.1\commons-digester-2.1.jar;C:\Users\mt12184\.m2\repository\com\lowagie\itext\2.1.7\itext-2.1.7.jar;C:\Users\mt12184\.m2\repository\bouncycastle\bcmail-jdk14\138\bcmail-jdk14-138.jar;C:\Users\mt12184\.m2\repository\bouncycastle\bcprov-jdk14\138\bcprov-jdk14-138.jar;C:\Users\mt12184\.m2\repository\org\bouncycastle\bctsp-jdk14\1.38\bctsp-jdk14-1.38.jar;C:\Users\mt12184\.m2\repository\org\bouncycastle\bcprov-jdk14\1.38\bcprov-jdk14-1.38.jar;C:\Users\mt12184\.m2\repository\org\bouncycastle\bcmail-jdk14\1.38\bcmail-jdk14-1.38.jar;C:\Users\mt12184\.m2\repository\xml-apis\xml-apis\1.3.02\xml-apis-1.3.02.jar;C:\Users\mt12184\.m2\repository\eclipse\jdtcore\3.1.0\jdtcore-3.1.0.jar;C:\Users\mt12184\.m2\repository\org\codehaus\castor\castor\1.2\castor-1.2.jar;C:\Users\mt12184\.m2\repository\org\dom4j\dom4j\2.1.0\dom4j-2.1.0.jar;C:\Users\mt12184\.m2\repository\jaxen\jaxen\1.1.6\jaxen-1.1.6.jar;C:\Users\mt12184\.m2\repository\org\apache\poi\poi-ooxml\3.8\poi-ooxml-3.8.jar;C:\Users\mt12184\.m2\repository\org\apache\poi\poi-ooxml-schemas\3.8\poi-ooxml-schemas-3.8.jar;C:\Users\mt12184\.m2\repository\org\apache\xmlbeans\xmlbeans\2.3.0\xmlbeans-2.3.0.jar;C:\Users\mt12184\.m2\repository\stax\stax-api\1.0.1\stax-api-1.0.1.jar;C:\Users\mt12184\.m2\repository\dom4j\dom4j\1.6.1\dom4j-1.6.1.jar;"/>
    <property name="sun.awt.enableExtraMouseButtons" value="true"/>
    <property name="java.vm.vendor" value="Oracle Corporation"/>
    <property name="sun.arch.data.model" value="64"/>
    <property name="user.variant" value=""/>
    <property name="java.vendor.url" value="http://java.oracle.com/"/>
    <property name="user.timezone" value="America/Sao_Paulo"/>
    <property name="java.vm.specification.version" value="1.8"/>
    <property name="os.name" value="Windows 10"/>
    <property name="user.country" value="BR"/>
    <property name="sun.java.launcher" value="SUN_STANDARD"/>
    <property name="sun.boot.library.path" value="C:\Program Files\Java\jdk1.8.0_171\jre\bin"/>
    <property name="sun.java.command" value="C:\Users\mt12184\AppData\Local\Temp\surefire2314832047927643053\surefirebooter1871198647525646129.jar C:\Users\mt12184\AppData\Local\Temp\surefire2314832047927643053 2018-08-16T16-59-35_776-jvmRun1 surefire4629756622812851492tmp surefire_02208040000491925855tmp"/>
    <property name="surefire.test.class.path" value="C:\Workspace\EclipseProjects\AutomationFrameworkMark2\target\test-classes;C:\Workspace\EclipseProjects\AutomationFrameworkMark2\target\classes;C:\Users\mt12184\.m2\repository\junit\junit\4.12\junit-4.12.jar;C:\Users\mt12184\.m2\repository\org\hamcrest\hamcrest-core\1.3\hamcrest-core-1.3.jar;C:\Users\mt12184\.m2\repository\com\aventstack\extentreports\3.1.5\extentreports-3.1.5.jar;C:\Users\mt12184\.m2\repository\org\freemarker\freemarker\2.3.23\freemarker-2.3.23.jar;C:\Users\mt12184\.m2\repository\org\mongodb\mongodb-driver\3.3.0\mongodb-driver-3.3.0.jar;C:\Users\mt12184\.m2\repository\org\mongodb\bson\3.3.0\bson-3.3.0.jar;C:\Users\mt12184\.m2\repository\org\mongodb\mongodb-driver-core\3.3.0\mongodb-driver-core-3.3.0.jar;C:\Users\mt12184\.m2\repository\org\apache\httpcomponents\httpclient\4.5.2\httpclient-4.5.2.jar;C:\Users\mt12184\.m2\repository\org\apache\httpcomponents\httpmime\4.5.2\httpmime-4.5.2.jar;C:\Users\mt12184\.m2\repository\org\jsoup\jsoup\1.9.2\jsoup-1.9.2.jar;C:\Users\mt12184\.m2\repository\com\google\code\gson\gson\2.8.0\gson-2.8.0.jar;C:\Users\mt12184\.m2\repository\log4j\log4j\1.2.17\log4j-1.2.17.jar;C:\Users\mt12184\.m2\repository\org\seleniumhq\selenium\selenium-java\3.11.0\selenium-java-3.11.0.jar;C:\Users\mt12184\.m2\repository\org\seleniumhq\selenium\selenium-api\3.11.0\selenium-api-3.11.0.jar;C:\Users\mt12184\.m2\repository\org\seleniumhq\selenium\selenium-chrome-driver\3.11.0\selenium-chrome-driver-3.11.0.jar;C:\Users\mt12184\.m2\repository\org\seleniumhq\selenium\selenium-edge-driver\3.11.0\selenium-edge-driver-3.11.0.jar;C:\Users\mt12184\.m2\repository\org\seleniumhq\selenium\selenium-firefox-driver\3.11.0\selenium-firefox-driver-3.11.0.jar;C:\Users\mt12184\.m2\repository\org\seleniumhq\selenium\selenium-ie-driver\3.11.0\selenium-ie-driver-3.11.0.jar;C:\Users\mt12184\.m2\repository\org\seleniumhq\selenium\selenium-opera-driver\3.11.0\selenium-opera-driver-3.11.0.jar;C:\Users\mt12184\.m2\repository\org\seleniumhq\selenium\selenium-remote-driver\3.11.0\selenium-remote-driver-3.11.0.jar;C:\Users\mt12184\.m2\repository\org\seleniumhq\selenium\selenium-safari-driver\3.11.0\selenium-safari-driver-3.11.0.jar;C:\Users\mt12184\.m2\repository\org\seleniumhq\selenium\selenium-support\3.11.0\selenium-support-3.11.0.jar;C:\Users\mt12184\.m2\repository\net\bytebuddy\byte-buddy\1.7.9\byte-buddy-1.7.9.jar;C:\Users\mt12184\.m2\repository\org\apache\commons\commons-exec\1.3\commons-exec-1.3.jar;C:\Users\mt12184\.m2\repository\commons-codec\commons-codec\1.10\commons-codec-1.10.jar;C:\Users\mt12184\.m2\repository\commons-logging\commons-logging\1.2\commons-logging-1.2.jar;C:\Users\mt12184\.m2\repository\com\google\guava\guava\23.6-jre\guava-23.6-jre.jar;C:\Users\mt12184\.m2\repository\org\checkerframework\checker-compat-qual\2.0.0\checker-compat-qual-2.0.0.jar;C:\Users\mt12184\.m2\repository\com\google\errorprone\error_prone_annotations\2.1.3\error_prone_annotations-2.1.3.jar;C:\Users\mt12184\.m2\repository\com\google\j2objc\j2objc-annotations\1.1\j2objc-annotations-1.1.jar;C:\Users\mt12184\.m2\repository\org\codehaus\mojo\animal-sniffer-annotations\1.14\animal-sniffer-annotations-1.14.jar;C:\Users\mt12184\.m2\repository\org\apache\httpcomponents\httpcore\4.4.6\httpcore-4.4.6.jar;C:\Users\mt12184\.m2\repository\com\squareup\okhttp3\okhttp\3.9.1\okhttp-3.9.1.jar;C:\Users\mt12184\.m2\repository\com\squareup\okio\okio\1.13.0\okio-1.13.0.jar;C:\Users\mt12184\.m2\repository\commons-io\commons-io\2.6\commons-io-2.6.jar;C:\Users\mt12184\.m2\repository\org\apache\maven\shared\maven-shared-utils\0.1\maven-shared-utils-0.1.jar;C:\Users\mt12184\.m2\repository\com\google\code\findbugs\jsr305\2.0.1\jsr305-2.0.1.jar;C:\Users\mt12184\.m2\repository\org\easetech\easytest-core\1.4.0\easytest-core-1.4.0.jar;C:\Users\mt12184\.m2\repository\org\slf4j\slf4j-api\1.6.1\slf4j-api-1.6.1.jar;C:\Users\mt12184\.m2\repository\org\slf4j\slf4j-log4j12\1.6.1\slf4j-log4j12-1.6.1.jar;C:\Users\mt12184\.m2\repository\org\slf4j\jcl-over-slf4j\1.6.1\jcl-over-slf4j-1.6.1.jar;C:\Users\mt12184\.m2\repository\net\sourceforge\javacsv\javacsv\2.0\javacsv-2.0.jar;C:\Users\mt12184\.m2\repository\javax\xml\jsr173\1.0\jsr173-1.0.jar;C:\Users\mt12184\.m2\repository\com\sun\xml\bind\jaxb-xjc\2.2.6\jaxb-xjc-2.2.6.jar;C:\Users\mt12184\.m2\repository\javaee\javaee-api\5\javaee-api-5.jar;C:\Users\mt12184\.m2\repository\org\apache\poi\poi\3.8\poi-3.8.jar;C:\Users\mt12184\.m2\repository\org\apache\poi\poi-examples\3.8\poi-examples-3.8.jar;C:\Users\mt12184\.m2\repository\org\apache\poi\poi-scratchpad\3.8\poi-scratchpad-3.8.jar;C:\Users\mt12184\.m2\repository\org\jvnet\jaxb2_commons\jaxb2-basics-runtime\0.6.2\jaxb2-basics-runtime-0.6.2.jar;C:\Users\mt12184\.m2\repository\cglib\cglib\2.2.2\cglib-2.2.2.jar;C:\Users\mt12184\.m2\repository\asm\asm\3.3.1\asm-3.3.1.jar;C:\Users\mt12184\.m2\repository\commons-lang\commons-lang\2.6\commons-lang-2.6.jar;C:\Users\mt12184\.m2\repository\jfree\jfreechart\1.0.13\jfreechart-1.0.13.jar;C:\Users\mt12184\.m2\repository\jfree\jcommon\1.0.16\jcommon-1.0.16.jar;C:\Users\mt12184\.m2\repository\net\sf\jasperreports\jasperreports-fonts\4.0.0\jasperreports-fonts-4.0.0.jar;C:\Users\mt12184\.m2\repository\com\sun\xml\bind\jaxb-impl\2.2.6\jaxb-impl-2.2.6.jar;C:\Users\mt12184\.m2\repository\javax\inject\javax.inject\1\javax.inject-1.jar;C:\Users\mt12184\.m2\repository\org\codehaus\jackson\jackson-mapper-lgpl\1.9.11\jackson-mapper-lgpl-1.9.11.jar;C:\Users\mt12184\.m2\repository\org\codehaus\jackson\jackson-core-lgpl\1.9.11\jackson-core-lgpl-1.9.11.jar;C:\Users\mt12184\.m2\repository\net\sf\jasperreports\jasperreports\4.5.1\jasperreports-4.5.1.jar;C:\Users\mt12184\.m2\repository\commons-beanutils\commons-beanutils\1.8.0\commons-beanutils-1.8.0.jar;C:\Users\mt12184\.m2\repository\commons-collections\commons-collections\2.1\commons-collections-2.1.jar;C:\Users\mt12184\.m2\repository\commons-digester\commons-digester\2.1\commons-digester-2.1.jar;C:\Users\mt12184\.m2\repository\com\lowagie\itext\2.1.7\itext-2.1.7.jar;C:\Users\mt12184\.m2\repository\bouncycastle\bcmail-jdk14\138\bcmail-jdk14-138.jar;C:\Users\mt12184\.m2\repository\bouncycastle\bcprov-jdk14\138\bcprov-jdk14-138.jar;C:\Users\mt12184\.m2\repository\org\bouncycastle\bctsp-jdk14\1.38\bctsp-jdk14-1.38.jar;C:\Users\mt12184\.m2\repository\org\bouncycastle\bcprov-jdk14\1.38\bcprov-jdk14-1.38.jar;C:\Users\mt12184\.m2\repository\org\bouncycastle\bcmail-jdk14\1.38\bcmail-jdk14-1.38.jar;C:\Users\mt12184\.m2\repository\xml-apis\xml-apis\1.3.02\xml-apis-1.3.02.jar;C:\Users\mt12184\.m2\repository\eclipse\jdtcore\3.1.0\jdtcore-3.1.0.jar;C:\Users\mt12184\.m2\repository\org\codehaus\castor\castor\1.2\castor-1.2.jar;C:\Users\mt12184\.m2\repository\org\dom4j\dom4j\2.1.0\dom4j-2.1.0.jar;C:\Users\mt12184\.m2\repository\jaxen\jaxen\1.1.6\jaxen-1.1.6.jar;C:\Users\mt12184\.m2\repository\org\apache\poi\poi-ooxml\3.8\poi-ooxml-3.8.jar;C:\Users\mt12184\.m2\repository\org\apache\poi\poi-ooxml-schemas\3.8\poi-ooxml-schemas-3.8.jar;C:\Users\mt12184\.m2\repository\org\apache\xmlbeans\xmlbeans\2.3.0\xmlbeans-2.3.0.jar;C:\Users\mt12184\.m2\repository\stax\stax-api\1.0.1\stax-api-1.0.1.jar;C:\Users\mt12184\.m2\repository\dom4j\dom4j\1.6.1\dom4j-1.6.1.jar;"/>
    <property name="sun.cpu.endian" value="little"/>
    <property name="user.home" value="C:\Users\mt12184"/>
    <property name="user.language" value="pt"/>
    <property name="java.specification.vendor" value="Oracle Corporation"/>
    <property name="java.home" value="C:\Program Files\Java\jdk1.8.0_171\jre"/>
    <property name="basedir" value="C:\Workspace\EclipseProjects\AutomationFrameworkMark2"/>
    <property name="file.separator" value="\"/>
    <property name="line.separator" value="&#10;"/>
    <property name="java.vm.specification.vendor" value="Oracle Corporation"/>
    <property name="java.specification.name" value="Java Platform API Specification"/>
    <property name="java.awt.graphicsenv" value="sun.awt.Win32GraphicsEnvironment"/>
    <property name="surefire.real.class.path" value="C:\Users\mt12184\AppData\Local\Temp\surefire2314832047927643053\surefirebooter1871198647525646129.jar"/>
    <property name="sun.boot.class.path" value="C:\Program Files\Java\jdk1.8.0_171\jre\lib\resources.jar;C:\Program Files\Java\jdk1.8.0_171\jre\lib\rt.jar;C:\Program Files\Java\jdk1.8.0_171\jre\lib\sunrsasign.jar;C:\Program Files\Java\jdk1.8.0_171\jre\lib\jsse.jar;C:\Program Files\Java\jdk1.8.0_171\jre\lib\jce.jar;C:\Program Files\Java\jdk1.8.0_171\jre\lib\charsets.jar;C:\Program Files\Java\jdk1.8.0_171\jre\lib\jfr.jar;C:\Program Files\Java\jdk1.8.0_171\jre\classes"/>
    <property name="user.script" value=""/>
    <property name="sun.management.compiler" value="HotSpot 64-Bit Tiered Compilers"/>
    <property name="java.runtime.version" value="1.8.0_171-b11"/>
    <property name="user.name" value="mt12184"/>
    <property name="path.separator" value=";"/>
    <property name="os.version" value="10.0"/>
    <property name="java.endorsed.dirs" value="C:\Program Files\Java\jdk1.8.0_171\jre\lib\endorsed"/>
    <property name="java.runtime.name" value="Java(TM) SE Runtime Environment"/>
    <property name="file.encoding" value="Cp1252"/>
    <property name="java.vm.name" value="Java HotSpot(TM) 64-Bit Server VM"/>
    <property name="localRepository" value="C:\Users\mt12184\.m2\repository"/>
    <property name="java.vendor.url.bug" value="http://bugreport.sun.com/bugreport/"/>
    <property name="java.io.tmpdir" value="C:\Users\mt12184\AppData\Local\Temp\"/>
    <property name="java.version" value="1.8.0_171"/>
    <property name="user.dir" value="C:\Workspace\EclipseProjects\AutomationFrameworkMark2"/>
    <property name="os.arch" value="amd64"/>
    <property name="java.vm.specification.name" value="Java Virtual Machine Specification"/>
    <property name="java.awt.printerjob" value="sun.awt.windows.WPrinterJob"/>
    <property name="sun.os.patch.level" value=""/>
    <property name="java.library.path" value="C:\Program Files\Java\jdk1.8.0_171\jre\bin;C:\WINDOWS\Sun\Java\bin;C:\WINDOWS\system32;C:\WINDOWS;C:\tools\Cmder\bin;C:\tools\Cmder\vendor\conemu-maximus5\ConEmu\Scripts;C:\tools\Cmder\vendor\conemu-maximus5;C:\tools\Cmder\vendor\conemu-maximus5\ConEmu;C:\Program Files (x86)\Common Files\Oracle\Java\javapath;C:\Program Files (x86)\Intel\Intel(R) Management Engine Components\iCLS\;C:\Program Files\Intel\Intel(R) Management Engine Components\iCLS\;C:\WINDOWS\system32;C:\WINDOWS;C:\WINDOWS\System32\Wbem;C:\WINDOWS\System32\WindowsPowerShell\v1.0\;C:\Program Files (x86)\Intel\Intel(R) Management Engine Components\DAL;C:\Program Files\Intel\Intel(R) Management Engine Components\DAL;C:\Program Files (x86)\Intel\Intel(R) Management Engine Components\IPT;C:\Program Files\Intel\Intel(R) Management Engine Components\IPT;C:\Program Files\Git\cmd;C:\apache-maven-3.0.5\bin;C:\Users\mt12184\Drivers;C:\xampp\php;C:\composer;C:\WINDOWS\System32\OpenSSH\;C:\Program Files\Microsoft SQL Server\Client SDK\ODBC\110\Tools\Binn\;C:\Program Files (x86)\Microsoft SQL Server\120\Tools\Binn\;C:\Program Files\Microsoft SQL Server\120\Tools\Binn\;C:\Program Files\Microsoft SQL Server\120\DTS\Binn\;C:\Program Files (x86)\Microsoft SQL Server\120\Tools\Binn\ManagementStudio\;C:\Program Files (x86)\Microsoft SQL Server\120\DTS\Binn\;C:\Program Files\Microsoft VS Code\bin;C:\Program Files\dotnet\;C:\Program Files\Java\jdk1.8.0_171\bin;C:\RailsInstaller\Ruby2.3.3\bin;C:\RailsInstaller\Git\cmd;C:\RailsInstaller\Ruby2.2.0\bin;C:\Users\mt12184\AppData\Local\Microsoft\WindowsApps;C:\Program Files\Microsoft VS Code\bin;C:\Users\mt12184\AppData\Roaming\Composer\vendor\bin;C:\Users\mt12184\.dotnet\tools;C:\Program Files\Git\usr\bin;C:\Program Files\Git\usr\share\vim\vim74;C:\tools\Cmder\;."/>
    <property name="java.vm.info" value="mixed mode"/>
    <property name="java.vendor" value="Oracle Corporation"/>
    <property name="java.vm.version" value="25.171-b11"/>
    <property name="java.ext.dirs" value="C:\Program Files\Java\jdk1.8.0_171\jre\lib\ext;C:\WINDOWS\Sun\Java\lib\ext"/>
    <property name="sun.io.unicode.encoding" value="UnicodeLittle"/>
    <property name="java.class.version" value="52.0"/>
  </properties>
  <testcase name="deve_verficar_nome_so" classname="br.com.fernando.automationframework.tests.SoTest" time="0.558"/>
</testsuite>